1587086625523	mozrunner::runner	INFO	Running command: "/Applications/Firefox.app/Contents/MacOS/firefox-bin" "-marionette" "-headless" "-foreground" "-no-remote" "-profile" "/var/folders/fr/ymn81bcs49sgs4fkk71zs_vw0000gn/T/rust_mozprofileKcS8nP"
*** You are running in headless mode.
1587086626509	addons.webextension.doh-rollout@mozilla.org	WARN	Loading extension 'doh-rollout@mozilla.org': Reading manifest: Invalid extension permission: networkStatus
1587086626799	addons.webextension.screenshots@mozilla.org	WARN	Loading extension 'screenshots@mozilla.org': Reading manifest: Invalid extension permission: mozillaAddons
1587086626800	addons.webextension.screenshots@mozilla.org	WARN	Loading extension 'screenshots@mozilla.org': Reading manifest: Invalid extension permission: telemetry
1587086626800	addons.webextension.screenshots@mozilla.org	WARN	Loading extension 'screenshots@mozilla.org': Reading manifest: Invalid extension permission: resource://pdf.js/
1587086626800	addons.webextension.screenshots@mozilla.org	WARN	Loading extension 'screenshots@mozilla.org': Reading manifest: Invalid extension permission: about:reader*
1587086629340	Marionette	INFO	Listening on port 64941
1587086629432	Marionette	WARN	TLS certificate errors will be ignored for this session
1587086631670	Marionette	INFO	Stopped listening on port 64941

###!!! [Child][MessageChannel] Error: (msgtype=0x370134,name=PContent::Msg_DetachBrowsingContext) Closed channel: cannot send/recv

1587086642967	mozrunner::runner	INFO	Running command: "/Applications/Firefox.app/Contents/MacOS/firefox-bin" "-marionette" "-headless" "-foreground" "-no-remote" "-profile" "/var/folders/fr/ymn81bcs49sgs4fkk71zs_vw0000gn/T/rust_mozprofile9Xon0A"
*** You are running in headless mode.
1587086643462	addons.webextension.doh-rollout@mozilla.org	WARN	Loading extension 'doh-rollout@mozilla.org': Reading manifest: Invalid extension permission: networkStatus
1587086643794	addons.webextension.screenshots@mozilla.org	WARN	Loading extension 'screenshots@mozilla.org': Reading manifest: Invalid extension permission: mozillaAddons
1587086643794	addons.webextension.screenshots@mozilla.org	WARN	Loading extension 'screenshots@mozilla.org': Reading manifest: Invalid extension permission: telemetry
1587086643795	addons.webextension.screenshots@mozilla.org	WARN	Loading extension 'screenshots@mozilla.org': Reading manifest: Invalid extension permission: resource://pdf.js/
1587086643795	addons.webextension.screenshots@mozilla.org	WARN	Loading extension 'screenshots@mozilla.org': Reading manifest: Invalid extension permission: about:reader*
1587086646456	Marionette	INFO	Listening on port 65039
1587086646484	Marionette	WARN	TLS certificate errors will be ignored for this session
1587086647737	Marionette	INFO	Stopped listening on port 65039
1587086647938	addons.xpi	WARN	Addon with ID baidu@search.mozilla.org already installed, older version will be disabled
1587086647942	addons.xpi-utils	WARN	Error: XPI database modified after shutdown began(resource://gre/modules/addons/XPIDatabase.jsm:1540:17) JS Stack trace: saveChanges@XPIDatabase.jsm:1540:17
makeAddonVisible@XPIDatabase.jsm:2347:10
addToDatabase@XPIDatabase.jsm:2274:12
install@XPIInstall.jsm:4343:27
update@XPIProvider.jsm:2052:13
1587086647943	addons.xpi-utils	WARN	Error: XPI database modified after shutdown began(resource://gre/modules/addons/XPIDatabase.jsm:1540:17) JS Stack trace: saveChanges@XPIDatabase.jsm:1540:17
addToDatabase@XPIDatabase.jsm:2277:10
install@XPIInstall.jsm:4343:27
update@XPIProvider.jsm:2052:13
1587086647982	addons.xpi	WARN	Addon with ID google@search.mozilla.org already installed, older version will be disabled
1587086647983	addons.xpi-utils	WARN	Error: XPI database modified after shutdown began(resource://gre/modules/addons/XPIDatabase.jsm:1540:17) JS Stack trace: saveChanges@XPIDatabase.jsm:1540:17
makeAddonVisible@XPIDatabase.jsm:2347:10
addToDatabase@XPIDatabase.jsm:2274:12
install@XPIInstall.jsm:4343:27
update@XPIProvider.jsm:2052:13
1587086647983	addons.xpi-utils	WARN	Error: XPI database modified after shutdown began(resource://gre/modules/addons/XPIDatabase.jsm:1540:17) JS Stack trace: saveChanges@XPIDatabase.jsm:1540:17
addToDatabase@XPIDatabase.jsm:2277:10
install@XPIInstall.jsm:4343:27
update@XPIProvider.jsm:2052:13
1587086648005	addons.xpi	WARN	Addon with ID bing@search.mozilla.org already installed, older version will be disabled
1587086648005	addons.xpi-utils	WARN	Error: XPI database modified after shutdown began(resource://gre/modules/addons/XPIDatabase.jsm:1540:17) JS Stack trace: saveChanges@XPIDatabase.jsm:1540:17
makeAddonVisible@XPIDatabase.jsm:2347:10
addToDatabase@XPIDatabase.jsm:2274:12
install@XPIInstall.jsm:4343:27
update@XPIProvider.jsm:2052:13
1587086648005	addons.xpi-utils	WARN	Error: XPI database modified after shutdown began(resource://gre/modules/addons/XPIDatabase.jsm:1540:17) JS Stack trace: saveChanges@XPIDatabase.jsm:1540:17
addToDatabase@XPIDatabase.jsm:2277:10
install@XPIInstall.jsm:4343:27
update@XPIProvider.jsm:2052:13
1587086648023	addons.xpi	WARN	Addon with ID ddg@search.mozilla.org already installed, older version will be disabled
1587086648024	addons.xpi-utils	WARN	Error: XPI database modified after shutdown began(resource://gre/modules/addons/XPIDatabase.jsm:1540:17) JS Stack trace: saveChanges@XPIDatabase.jsm:1540:17
makeAddonVisible@XPIDatabase.jsm:2347:10
addToDatabase@XPIDatabase.jsm:2274:12
install@XPIInstall.jsm:4343:27
update@XPIProvider.jsm:2052:13
1587086648024	addons.xpi-utils	WARN	Error: XPI database modified after shutdown began(resource://gre/modules/addons/XPIDatabase.jsm:1540:17) JS Stack trace: saveChanges@XPIDatabase.jsm:1540:17
addToDatabase@XPIDatabase.jsm:2277:10
install@XPIInstall.jsm:4343:27
update@XPIProvider.jsm:2052:13
1587086648063	addons.xpi	WARN	Addon with ID wikipedia@search.mozilla.org already installed, older version will be disabled
1587086648064	addons.xpi-utils	WARN	Error: XPI database modified after shutdown began(resource://gre/modules/addons/XPIDatabase.jsm:1540:17) JS Stack trace: saveChanges@XPIDatabase.jsm:1540:17
makeAddonVisible@XPIDatabase.jsm:2347:10
addToDatabase@XPIDatabase.jsm:2274:12
install@XPIInstall.jsm:4343:27
update@XPIProvider.jsm:2052:13
1587086648064	addons.xpi-utils	WARN	Error: XPI database modified after shutdown began(resource://gre/modules/addons/XPIDatabase.jsm:1540:17) JS Stack trace: saveChanges@XPIDatabase.jsm:1540:17
addToDatabase@XPIDatabase.jsm:2277:10
install@XPIInstall.jsm:4343:27
update@XPIProvider.jsm:2052:13
1587086648081	addons.xpi	WARN	Addon with ID amazondotcn@search.mozilla.org already installed, older version will be disabled
1587086648082	addons.xpi-utils	WARN	Error: XPI database modified after shutdown began(resource://gre/modules/addons/XPIDatabase.jsm:1540:17) JS Stack trace: saveChanges@XPIDatabase.jsm:1540:17
makeAddonVisible@XPIDatabase.jsm:2347:10
addToDatabase@XPIDatabase.jsm:2274:12
install@XPIInstall.jsm:4343:27
update@XPIProvider.jsm:2052:13
1587086648082	addons.xpi-utils	WARN	Error: XPI database modified after shutdown began(resource://gre/modules/addons/XPIDatabase.jsm:1540:17) JS Stack trace: saveChanges@XPIDatabase.jsm:1540:17
addToDatabase@XPIDatabase.jsm:2277:10
install@XPIInstall.jsm:4343:27
update@XPIProvider.jsm:2052:13

###!!! [Child][MessageChannel] Error: (msgtype=0x370134,name=PContent::Msg_DetachBrowsingContext) Closed channel: cannot send/recv

1587086685799	mozrunner::runner	INFO	Running command: "/Applications/Firefox.app/Contents/MacOS/firefox-bin" "-marionette" "-headless" "-foreground" "-no-remote" "-profile" "/var/folders/fr/ymn81bcs49sgs4fkk71zs_vw0000gn/T/rust_mozprofileVjdYlE"
*** You are running in headless mode.
1587086686189	addons.webextension.doh-rollout@mozilla.org	WARN	Loading extension 'doh-rollout@mozilla.org': Reading manifest: Invalid extension permission: networkStatus
1587086686470	addons.webextension.screenshots@mozilla.org	WARN	Loading extension 'screenshots@mozilla.org': Reading manifest: Invalid extension permission: mozillaAddons
1587086686470	addons.webextension.screenshots@mozilla.org	WARN	Loading extension 'screenshots@mozilla.org': Reading manifest: Invalid extension permission: telemetry
1587086686470	addons.webextension.screenshots@mozilla.org	WARN	Loading extension 'screenshots@mozilla.org': Reading manifest: Invalid extension permission: resource://pdf.js/
1587086686470	addons.webextension.screenshots@mozilla.org	WARN	Loading extension 'screenshots@mozilla.org': Reading manifest: Invalid extension permission: about:reader*
1587086688423	Marionette	INFO	Listening on port 65151
1587086688471	Marionette	WARN	TLS certificate errors will be ignored for this session
1587086690133	Marionette	INFO	Stopped listening on port 65151

###!!! [Child][MessageChannel] Error: (msgtype=0x370134,name=PContent::Msg_DetachBrowsingContext) Closed channel: cannot send/recv

1587086775720	mozrunner::runner	INFO	Running command: "/Applications/Firefox.app/Contents/MacOS/firefox-bin" "-marionette" "-foreground" "-no-remote" "-profile" "/var/folders/fr/ymn81bcs49sgs4fkk71zs_vw0000gn/T/rust_mozprofile0NjXKe"
1587086776494	addons.webextension.doh-rollout@mozilla.org	WARN	Loading extension 'doh-rollout@mozilla.org': Reading manifest: Invalid extension permission: networkStatus
1587086776878	addons.webextension.screenshots@mozilla.org	WARN	Loading extension 'screenshots@mozilla.org': Reading manifest: Invalid extension permission: mozillaAddons
1587086776878	addons.webextension.screenshots@mozilla.org	WARN	Loading extension 'screenshots@mozilla.org': Reading manifest: Invalid extension permission: telemetry
1587086776878	addons.webextension.screenshots@mozilla.org	WARN	Loading extension 'screenshots@mozilla.org': Reading manifest: Invalid extension permission: resource://pdf.js/
1587086776878	addons.webextension.screenshots@mozilla.org	WARN	Loading extension 'screenshots@mozilla.org': Reading manifest: Invalid extension permission: about:reader*
1587086779579	Marionette	INFO	Listening on port 65304
1587086779617	Marionette	WARN	TLS certificate errors will be ignored for this session
1587086781793	Marionette	INFO	Stopped listening on port 65304
1587086929771	mozrunner::runner	INFO	Running command: "/Applications/Firefox.app/Contents/MacOS/firefox-bin" "-marionette" "-foreground" "-no-remote" "-profile" "/var/folders/fr/ymn81bcs49sgs4fkk71zs_vw0000gn/T/rust_mozprofile1nYMLq"
1587086930380	addons.webextension.doh-rollout@mozilla.org	WARN	Loading extension 'doh-rollout@mozilla.org': Reading manifest: Invalid extension permission: networkStatus
1587086931205	addons.webextension.screenshots@mozilla.org	WARN	Loading extension 'screenshots@mozilla.org': Reading manifest: Invalid extension permission: mozillaAddons
1587086931206	addons.webextension.screenshots@mozilla.org	WARN	Loading extension 'screenshots@mozilla.org': Reading manifest: Invalid extension permission: telemetry
1587086931206	addons.webextension.screenshots@mozilla.org	WARN	Loading extension 'screenshots@mozilla.org': Reading manifest: Invalid extension permission: resource://pdf.js/
1587086931206	addons.webextension.screenshots@mozilla.org	WARN	Loading extension 'screenshots@mozilla.org': Reading manifest: Invalid extension permission: about:reader*
1587086933735	Marionette	INFO	Listening on port 65524
1587086933799	Marionette	WARN	TLS certificate errors will be ignored for this session
1587086935629	Marionette	INFO	Stopped listening on port 65524

###!!! [Child][MessageChannel] Error: (msgtype=0x370134,name=PContent::Msg_DetachBrowsingContext) Closed channel: cannot send/recv

1587086939815	mozrunner::runner	INFO	Running command: "/Applications/Firefox.app/Contents/MacOS/firefox-bin" "-marionette" "-foreground" "-no-remote" "-profile" "/var/folders/fr/ymn81bcs49sgs4fkk71zs_vw0000gn/T/rust_mozprofilenNsO6h"
1587086940318	addons.webextension.doh-rollout@mozilla.org	WARN	Loading extension 'doh-rollout@mozilla.org': Reading manifest: Invalid extension permission: networkStatus
1587086940719	addons.webextension.screenshots@mozilla.org	WARN	Loading extension 'screenshots@mozilla.org': Reading manifest: Invalid extension permission: mozillaAddons
1587086940719	addons.webextension.screenshots@mozilla.org	WARN	Loading extension 'screenshots@mozilla.org': Reading manifest: Invalid extension permission: telemetry
1587086940720	addons.webextension.screenshots@mozilla.org	WARN	Loading extension 'screenshots@mozilla.org': Reading manifest: Invalid extension permission: resource://pdf.js/
1587086940720	addons.webextension.screenshots@mozilla.org	WARN	Loading extension 'screenshots@mozilla.org': Reading manifest: Invalid extension permission: about:reader*
1587086943410	Marionette	INFO	Listening on port 49225
1587086943477	Marionette	WARN	TLS certificate errors will be ignored for this session
1587086945704	Marionette	INFO	Stopped listening on port 49225

###!!! [Child][MessageChannel] Error: (msgtype=0x370134,name=PContent::Msg_DetachBrowsingContext) Closed channel: cannot send/recv

